c:\users\michael\source\repos\super fugue fighter\sff\sff\x64\debug\sff.pch
c:\users\michael\source\repos\super fugue fighter\sff\sff\x64\debug\vc140.pdb
c:\users\michael\source\repos\super fugue fighter\sff\sff\x64\debug\vc140.idb
c:\users\michael\source\repos\super fugue fighter\sff\sff\x64\debug\stdafx.obj
c:\users\michael\source\repos\super fugue fighter\sff\sff\x64\debug\sff.obj
c:\users\michael\source\repos\super fugue fighter\sff\sff\x64\debug\input.obj
c:\users\michael\source\repos\super fugue fighter\sff\sff\x64\debug\fightstate.obj
c:\users\michael\source\repos\super fugue fighter\sff\sff\x64\debug\gamestatemanager.obj
c:\users\michael\source\repos\super fugue fighter\sff\sff\x64\debug\pausestate.obj
c:\users\michael\source\repos\super fugue fighter\sff\x64\debug\sff.ilk
c:\users\michael\source\repos\super fugue fighter\sff\x64\debug\sff.exe
c:\users\michael\source\repos\super fugue fighter\sff\x64\debug\sff.pdb
c:\users\michael\source\repos\super fugue fighter\sff\sff\x64\debug\sff.res
c:\users\michael\source\repos\super fugue fighter\sff\sff\x64\debug\sff.obj.enc
c:\users\michael\source\repos\super fugue fighter\sff\sff\x64\debug\sff.tlog\cl.command.1.tlog
c:\users\michael\source\repos\super fugue fighter\sff\sff\x64\debug\sff.tlog\cl.read.1.tlog
c:\users\michael\source\repos\super fugue fighter\sff\sff\x64\debug\sff.tlog\cl.write.1.tlog
c:\users\michael\source\repos\super fugue fighter\sff\sff\x64\debug\sff.tlog\link.command.1.tlog
c:\users\michael\source\repos\super fugue fighter\sff\sff\x64\debug\sff.tlog\link.read.1.tlog
c:\users\michael\source\repos\super fugue fighter\sff\sff\x64\debug\sff.tlog\link.write.1.tlog
c:\users\michael\source\repos\super fugue fighter\sff\sff\x64\debug\sff.tlog\rc.command.1.tlog
c:\users\michael\source\repos\super fugue fighter\sff\sff\x64\debug\sff.tlog\rc.read.1.tlog
c:\users\michael\source\repos\super fugue fighter\sff\sff\x64\debug\sff.tlog\rc.write.1.tlog
