  TutorialState.cpp
c:\users\mhgun\source\repos\fuck\tutorialstate.cpp(130): warning C4305: 'argument': truncation from 'double' to 'float'
c:\users\mhgun\source\repos\fuck\tutorialstate.cpp(140): warning C4244: 'argument': conversion from 'int' to 'float', possible loss of data
c:\users\mhgun\source\repos\fuck\tutorialstate.cpp(141): warning C4244: 'argument': conversion from 'int' to 'float', possible loss of data
c:\users\mhgun\source\repos\fuck\tutorialstate.cpp(156): warning C4244: '=': conversion from 'float' to 'int', possible loss of data
c:\users\mhgun\source\repos\fuck\tutorialstate.cpp(198): warning C4244: 'argument': conversion from 'int' to 'float', possible loss of data
c:\users\mhgun\source\repos\fuck\tutorialstate.cpp(202): warning C4244: 'argument': conversion from 'int' to 'float', possible loss of data
c:\users\mhgun\source\repos\fuck\tutorialstate.cpp(204): warning C4244: 'argument': conversion from 'int' to 'float', possible loss of data
c:\users\mhgun\source\repos\fuck\tutorialstate.cpp(207): warning C4244: 'argument': conversion from 'int' to 'float', possible loss of data
c:\users\mhgun\source\repos\fuck\tutorialstate.cpp(210): warning C4244: 'argument': conversion from 'int' to 'float', possible loss of data
c:\users\mhgun\source\repos\fuck\tutorialstate.cpp(211): warning C4244: 'argument': conversion from 'int' to 'float', possible loss of data
c:\users\mhgun\source\repos\fuck\tutorialstate.cpp(242): warning C4996: 'sprintf': This function or variable may be unsafe. Consider using sprintf_s instead. To disable deprecation, use _CRT_SECURE_NO_WARNINGS. See online help for details.
  c:\program files (x86)\windows kits\10\include\10.0.10240.0\ucrt\stdio.h(1769): note: see declaration of 'sprintf'
c:\users\mhgun\source\repos\fuck\tutorialstate.cpp(313): warning C4244: '=': conversion from 'float' to 'int', possible loss of data
c:\users\mhgun\source\repos\fuck\tutorialstate.cpp(304): warning C4996: 'sprintf': This function or variable may be unsafe. Consider using sprintf_s instead. To disable deprecation, use _CRT_SECURE_NO_WARNINGS. See online help for details.
  c:\program files (x86)\windows kits\10\include\10.0.10240.0\ucrt\stdio.h(1769): note: see declaration of 'sprintf'
c:\users\mhgun\source\repos\fuck\tutorialstate.cpp(337): warning C4244: 'argument': conversion from 'float' to 'sf::Uint8', possible loss of data
c:\users\mhgun\source\repos\fuck\tutorialstate.cpp(503): warning C4305: 'argument': truncation from 'double' to 'float'
c:\users\mhgun\source\repos\fuck\tutorialstate.cpp(612): warning C4244: '=': conversion from 'float' to 'int', possible loss of data
c:\users\mhgun\source\repos\fuck\tutorialstate.cpp(621): warning C4244: '=': conversion from 'float' to 'int', possible loss of data
c:\users\mhgun\source\repos\fuck\tutorialstate.cpp(632): warning C4244: '=': conversion from 'float' to 'int', possible loss of data
c:\users\mhgun\source\repos\fuck\tutorialstate.cpp(674): warning C4244: 'argument': conversion from 'double' to 'float', possible loss of data
c:\users\mhgun\source\repos\fuck\tutorialstate.cpp(675): warning C4244: 'argument': conversion from 'double' to 'float', possible loss of data
c:\users\mhgun\source\repos\fuck\tutorialstate.cpp(676): warning C4244: 'argument': conversion from 'double' to 'float', possible loss of data
c:\users\mhgun\source\repos\fuck\tutorialstate.cpp(677): warning C4244: 'argument': conversion from 'double' to 'float', possible loss of data
c:\users\mhgun\source\repos\fuck\tutorialstate.cpp(539): warning C4996: 'sprintf': This function or variable may be unsafe. Consider using sprintf_s instead. To disable deprecation, use _CRT_SECURE_NO_WARNINGS. See online help for details.
  c:\program files (x86)\windows kits\10\include\10.0.10240.0\ucrt\stdio.h(1769): note: see declaration of 'sprintf'
  sff.vcxproj -> C:\Users\mhgun\Source\Repos\fuck\x64\Debug\sff.exe
