\\psf\home\documents\cmpm-171-sffbfme-bbb-project gh\sff\debug\sff.pch
\\psf\home\documents\cmpm-171-sffbfme-bbb-project gh\sff\debug\vc140.pdb
\\psf\home\documents\cmpm-171-sffbfme-bbb-project gh\sff\debug\vc140.idb
\\psf\home\documents\cmpm-171-sffbfme-bbb-project gh\sff\debug\stdafx.obj
\\psf\home\documents\cmpm-171-sffbfme-bbb-project gh\sff\debug\assetmanager.obj
\\psf\home\documents\cmpm-171-sffbfme-bbb-project gh\sff\debug\cameracontrol.obj
\\psf\home\documents\cmpm-171-sffbfme-bbb-project gh\sff\debug\character.obj
\\psf\home\documents\cmpm-171-sffbfme-bbb-project gh\sff\debug\characterbach.obj
\\psf\home\documents\cmpm-171-sffbfme-bbb-project gh\sff\debug\collision.obj
\\psf\home\documents\cmpm-171-sffbfme-bbb-project gh\sff\debug\fightstate.obj
\\psf\home\documents\cmpm-171-sffbfme-bbb-project gh\sff\debug\frame.obj
\\psf\home\documents\cmpm-171-sffbfme-bbb-project gh\sff\debug\gamestatemanager.obj
\\psf\home\documents\cmpm-171-sffbfme-bbb-project gh\sff\debug\input.obj
\\psf\home\documents\cmpm-171-sffbfme-bbb-project gh\sff\debug\move.obj
\\psf\home\documents\cmpm-171-sffbfme-bbb-project gh\sff\debug\pausestate.obj
\\psf\home\documents\cmpm-171-sffbfme-bbb-project gh\sff\debug\player.obj
\\psf\home\documents\cmpm-171-sffbfme-bbb-project gh\sff\debug\playerselectstate.obj
\\psf\home\documents\cmpm-171-sffbfme-bbb-project gh\sff\debug\roster.obj
\\psf\home\documents\cmpm-171-sffbfme-bbb-project gh\sff\debug\sff.obj
\\psf\home\documents\cmpm-171-sffbfme-bbb-project gh\sff\debug\sff.tlog\cl.command.1.tlog
\\psf\home\documents\cmpm-171-sffbfme-bbb-project gh\sff\debug\sff.tlog\cl.read.1.tlog
\\psf\home\documents\cmpm-171-sffbfme-bbb-project gh\sff\debug\sff.tlog\cl.write.1.tlog
