  stdafx.cpp
  sff.cpp
\\psf\home\documents\cmpm-171-sffbfme-bbb-project gh\sff\sff.cpp(28): warning C4996: 'freopen': This function or variable may be unsafe. Consider using freopen_s instead. To disable deprecation, use _CRT_SECURE_NO_WARNINGS. See online help for details.
  c:\program files (x86)\windows kits\10\include\10.0.10240.0\ucrt\stdio.h(240): note: see declaration of 'freopen'
\\psf\home\documents\cmpm-171-sffbfme-bbb-project gh\sff\sff.cpp(29): warning C4996: 'freopen': This function or variable may be unsafe. Consider using freopen_s instead. To disable deprecation, use _CRT_SECURE_NO_WARNINGS. See online help for details.
  c:\program files (x86)\windows kits\10\include\10.0.10240.0\ucrt\stdio.h(240): note: see declaration of 'freopen'
  roster.cpp
  PlayerSelectState.cpp
  Player.cpp
  PauseState.cpp
  Move.cpp
  input.cpp
\\psf\home\documents\cmpm-171-sffbfme-bbb-project gh\sff\input.cpp(60): warning C4018: '<': signed/unsigned mismatch
  GameStateManager.cpp
  Frame.cpp
  FightState.cpp
\\psf\home\documents\cmpm-171-sffbfme-bbb-project gh\sff\fightstate.cpp(62): warning C4244: 'argument': conversion from 'int' to 'float', possible loss of data
\\psf\home\documents\cmpm-171-sffbfme-bbb-project gh\sff\fightstate.cpp(39): warning C4390: ';': empty controlled statement found; is this the intent?
\\psf\home\documents\cmpm-171-sffbfme-bbb-project gh\sff\fightstate.cpp(157): warning C4018: '>': signed/unsigned mismatch
  Collision.cpp
\\psf\home\documents\cmpm-171-sffbfme-bbb-project gh\sff\collision.cpp(13): warning C4244: 'argument': conversion from 'int' to 'float', possible loss of data
\\psf\home\documents\cmpm-171-sffbfme-bbb-project gh\sff\collision.cpp(15): warning C4244: 'argument': conversion from 'int' to 'float', possible loss of data
\\psf\home\documents\cmpm-171-sffbfme-bbb-project gh\sff\collision.cpp(20): warning C4244: 'argument': conversion from 'int' to 'float', possible loss of data
\\psf\home\documents\cmpm-171-sffbfme-bbb-project gh\sff\collision.cpp(22): warning C4244: 'argument': conversion from 'int' to 'float', possible loss of data
  CharacterBach.cpp
  Character.cpp
  CameraControl.cpp
  AssetManager.cpp
\\psf\home\documents\cmpm-171-sffbfme-bbb-project gh\sff\assetmanager.cpp(3): warning C4627: '#include <string>': skipped when looking for precompiled header use
  \\psf\home\documents\cmpm-171-sffbfme-bbb-project gh\sff\assetmanager.cpp(3): note: Add directive to 'stdafx.h' or rebuild precompiled header
\\psf\home\documents\cmpm-171-sffbfme-bbb-project gh\sff\assetmanager.cpp(4): warning C4627: '#include <vector>': skipped when looking for precompiled header use
  \\psf\home\documents\cmpm-171-sffbfme-bbb-project gh\sff\assetmanager.cpp(4): note: Add directive to 'stdafx.h' or rebuild precompiled header
  Generating Code...
sfml-window.lib(sfml-window-2.dll) : fatal error LNK1112: module machine type 'x64' conflicts with target machine type 'X86'
