\\psf\home\documents\visual studio 2015\projects\sff\sff\x64\debug\sff.pch
\\psf\home\documents\visual studio 2015\projects\sff\sff\x64\debug\vc140.pdb
\\psf\home\documents\visual studio 2015\projects\sff\sff\x64\debug\vc140.idb
\\psf\home\documents\visual studio 2015\projects\sff\sff\x64\debug\stdafx.obj
\\psf\home\documents\visual studio 2015\projects\sff\sff\x64\debug\assetmanager.obj
\\psf\home\documents\visual studio 2015\projects\sff\sff\x64\debug\character.obj
\\psf\home\documents\visual studio 2015\projects\sff\sff\x64\debug\characterbach.obj
\\psf\home\documents\visual studio 2015\projects\sff\sff\x64\debug\fightstate.obj
\\psf\home\documents\visual studio 2015\projects\sff\sff\x64\debug\frame.obj
\\psf\home\documents\visual studio 2015\projects\sff\sff\x64\debug\gamestatemanager.obj
\\psf\home\documents\visual studio 2015\projects\sff\sff\x64\debug\input.obj
\\psf\home\documents\visual studio 2015\projects\sff\sff\x64\debug\move.obj
\\psf\home\documents\visual studio 2015\projects\sff\sff\x64\debug\pausestate.obj
\\psf\home\documents\visual studio 2015\projects\sff\sff\x64\debug\player.obj
\\psf\home\documents\visual studio 2015\projects\sff\sff\x64\debug\playerselectstate.obj
\\psf\home\documents\visual studio 2015\projects\sff\sff\x64\debug\roster.obj
\\psf\home\documents\visual studio 2015\projects\sff\sff\x64\debug\sff.obj
\\psf\home\documents\visual studio 2015\projects\sff\x64\debug\sff.ilk
\\psf\home\documents\visual studio 2015\projects\sff\x64\debug\sff.exe
\\psf\home\documents\visual studio 2015\projects\sff\x64\debug\sff.pdb
\\psf\home\documents\visual studio 2015\projects\sff\sff\x64\debug\sff.res
\\psf\home\documents\visual studio 2015\projects\sff\sff\x64\debug\sff.tlog\cl.command.1.tlog
\\psf\home\documents\visual studio 2015\projects\sff\sff\x64\debug\sff.tlog\cl.read.1.tlog
\\psf\home\documents\visual studio 2015\projects\sff\sff\x64\debug\sff.tlog\cl.write.1.tlog
\\psf\home\documents\visual studio 2015\projects\sff\sff\x64\debug\sff.tlog\link.command.1.tlog
\\psf\home\documents\visual studio 2015\projects\sff\sff\x64\debug\sff.tlog\link.read.1.tlog
\\psf\home\documents\visual studio 2015\projects\sff\sff\x64\debug\sff.tlog\link.write.1.tlog
\\psf\home\documents\visual studio 2015\projects\sff\sff\x64\debug\sff.tlog\rc.command.1.tlog
\\psf\home\documents\visual studio 2015\projects\sff\sff\x64\debug\sff.tlog\rc.read.1.tlog
\\psf\home\documents\visual studio 2015\projects\sff\sff\x64\debug\sff.tlog\rc.write.1.tlog
